Release 14.7 - ngc2edif P.20131013 (lin64)
Copyright (c) 1995-2013 Xilinx, Inc.  All rights reserved.
Reading design adatiox4.ngc ...
WARNING:NetListWriters:298 - No output is written to adatiox4.xncf, ignored.
Processing design ...
   Preping design's networks ...
   Preping design's macros ...
  finished :Prep
Writing EDIF netlist file adatiox4.edif ...
ngc2edif: Total memory usage is 106940 kilobytes

Release 14.7 - ngc2edif P.20131013 (lin64)
Copyright (c) 1995-2013 Xilinx, Inc.  All rights reserved.
Reading design adatiox4.ngc ...
WARNING:NetListWriters:298 - No output is written to adatiox4.xncf, ignored.
Processing design ...
   Preping design's networks ...
   Preping design's macros ...
  finished :Prep
Writing EDIF netlist file adatiox4.edif ...
ngc2edif: Total memory usage is 106940 kilobytes

